Sat Nov 17 2018 22:51:42 GMT+0530 (India Standard Time): GET /
Sat Nov 17 2018 22:51:42 GMT+0530 (India Standard Time): GET /favicon.ico
Sat Nov 17 2018 22:51:45 GMT+0530 (India Standard Time): GET /
Sat Nov 17 2018 22:51:46 GMT+0530 (India Standard Time): GET /
Sat Nov 17 2018 22:52:35 GMT+0530 (India Standard Time): GET /
Sat Nov 17 2018 22:52:41 GMT+0530 (India Standard Time): GET /about
Sat Nov 17 2018 22:52:46 GMT+0530 (India Standard Time): GET /about
Sat Nov 17 2018 22:52:59 GMT+0530 (India Standard Time): GET /home
Sat Nov 17 2018 22:53:11 GMT+0530 (India Standard Time): GET /about
Sat Nov 17 2018 22:56:26 GMT+0530 (India Standard Time): GET /about
Sat Nov 17 2018 22:56:27 GMT+0530 (India Standard Time): GET /about
Sat Nov 17 2018 22:56:28 GMT+0530 (India Standard Time): GET /
Sat Nov 17 2018 22:56:30 GMT+0530 (India Standard Time): GET /
Sat Nov 17 2018 22:56:31 GMT+0530 (India Standard Time): GET /about
Sat Nov 17 2018 23:03:45 GMT+0530 (India Standard Time): GET /about
Sat Nov 17 2018 23:03:50 GMT+0530 (India Standard Time): GET /
Sat Nov 17 2018 23:04:24 GMT+0530 (India Standard Time): GET /
Sat Nov 17 2018 23:04:43 GMT+0530 (India Standard Time): GET /
Sat Nov 17 2018 23:04:43 GMT+0530 (India Standard Time): GET /
Sat Nov 17 2018 23:04:44 GMT+0530 (India Standard Time): GET /
Sat Nov 17 2018 23:05:43 GMT+0530 (India Standard Time): GET /
Sat Nov 17 2018 23:07:11 GMT+0530 (India Standard Time): GET /
Sat Nov 17 2018 23:07:37 GMT+0530 (India Standard Time): GET /
Sat Nov 17 2018 23:07:39 GMT+0530 (India Standard Time): GET /
Sat Nov 17 2018 23:11:00 GMT+0530 (India Standard Time): GET /
Sat Nov 17 2018 23:11:44 GMT+0530 (India Standard Time): GET /
Sat Nov 17 2018 23:18:04 GMT+0530 (India Standard Time): GET /
Sat Nov 17 2018 23:18:36 GMT+0530 (India Standard Time): GET /
Sat Nov 17 2018 23:22:30 GMT+0530 (India Standard Time): GET /
Sat Nov 17 2018 23:22:30 GMT+0530 (India Standard Time): GET /
Sat Nov 17 2018 23:22:52 GMT+0530 (India Standard Time): GET /
Sat Nov 17 2018 23:22:52 GMT+0530 (India Standard Time): GET /
Sat Nov 17 2018 23:23:02 GMT+0530 (India Standard Time): GET /
Sat Nov 17 2018 23:23:02 GMT+0530 (India Standard Time): GET /
Sat Nov 17 2018 23:23:02 GMT+0530 (India Standard Time): GET /
Sat Nov 17 2018 23:23:02 GMT+0530 (India Standard Time): GET /
Sat Nov 17 2018 23:23:12 GMT+0530 (India Standard Time): GET /
Sat Nov 17 2018 23:23:12 GMT+0530 (India Standard Time): GET /
Sat Nov 17 2018 23:23:23 GMT+0530 (India Standard Time): GET /
Sat Nov 17 2018 23:23:23 GMT+0530 (India Standard Time): GET /
Sat Nov 17 2018 23:29:56 GMT+0530 (India Standard Time): GET /
Sat Nov 17 2018 23:29:56 GMT+0530 (India Standard Time): GET /
Sat Nov 17 2018 23:30:13 GMT+0530 (India Standard Time): GET /
Sat Nov 17 2018 23:30:13 GMT+0530 (India Standard Time): GET /
Sat Nov 17 2018 23:30:21 GMT+0530 (India Standard Time): GET /help
Sat Nov 17 2018 23:30:21 GMT+0530 (India Standard Time): GET /help
Sat Nov 17 2018 23:30:34 GMT+0530 (India Standard Time): GET /help
Sat Nov 17 2018 23:30:34 GMT+0530 (India Standard Time): GET /help
Sat Nov 17 2018 23:30:35 GMT+0530 (India Standard Time): GET /help
Sat Nov 17 2018 23:30:35 GMT+0530 (India Standard Time): GET /help
Sat Nov 17 2018 23:30:36 GMT+0530 (India Standard Time): GET /help
Sat Nov 17 2018 23:30:36 GMT+0530 (India Standard Time): GET /help
Sat Nov 17 2018 23:31:11 GMT+0530 (India Standard Time): GET /help
Sat Nov 17 2018 23:31:11 GMT+0530 (India Standard Time): GET /help
Sat Nov 17 2018 23:31:14 GMT+0530 (India Standard Time): GET /help
Sat Nov 17 2018 23:31:14 GMT+0530 (India Standard Time): GET /help
